New pages: 
[[0, 2]]
---------
New pages: 
[[0, 2], [1, 4]]
---------
New pages: 
[[0, 2], [1, 4], [2, 6]]
---------
New pages: 
[[0, 2], [1, 4], [2, 6], [3, 8]]
---------
New pages: 
[[0, 2], [1, 4], [2, 6], [3, 8], [4, 10]]
---------
New pages: 
[[0, 2], [1, 4], [2, 6], [3, 8], [4, 10], [5, 12]]
---------
New pages: 
[[0, 2], [1, 4], [2, 6], [3, 8], [4, 10], [5, 12], [6, 14]]
---------
New pages: 
[[0, 2], [1, 4], [2, 6], [3, 8], [4, 10], [5, 12], [6, 14], [7, 16]]
---------
New pages: 
[[0, 2], [1, 4], [2, 6], [3, 8], [4, 10], [5, 12], [6, 14], [7, 16], [8, 18]]
---------
New pages: 
[[0, 2], [1, 4], [2, 6], [3, 8], [4, 10], [5, 12], [6, 14], [7, 16], [8, 19]]
---------
New pages: 
[[0, 2], [1, 4], [2, 6], [3, 8], [4, 10], [5, 12], [6, 14], [7, 16], [8, 19], [9, 21]]
---------
New pages: 
[[0, 2], [1, 4], [2, 6], [3, 8], [4, 10], [5, 12], [6, 14], [7, 16], [8, 19], [9, 21], [10, 23]]
---------
New pages: 
[[0, 2], [1, 4], [2, 6], [3, 8], [4, 10], [5, 12], [6, 14], [7, 16], [8, 19], [9, 21], [10, 23], [11, 25]]
---------
New pages: 
[[0, 2], [1, 4], [2, 6], [3, 8], [4, 10], [5, 12], [6, 14], [7, 16], [8, 19], [9, 21], [10, 23], [11, 26]]
---------
New pages: 
[[0, 2], [1, 4], [2, 6], [3, 8], [4, 10], [5, 12], [6, 14], [7, 16], [8, 19], [9, 21], [10, 23], [11, 27]]
---------
New pages: 
[[0, 2], [1, 4], [2, 6], [3, 8], [4, 10], [5, 12], [7, 16], [8, 19], [9, 21], [10, 23], [11, 27], [6, 28]]
---------
New pages: 
[[0, 2], [1, 4], [2, 6], [3, 8], [4, 10], [5, 12], [7, 16], [8, 19], [9, 21], [10, 23], [11, 27], [6, 28]]
---------
New pages: 
[[0, 2], [1, 4], [2, 6], [3, 8], [4, 10], [5, 12], [7, 16], [8, 19], [9, 21], [10, 23], [11, 27], [6, 28], [12, 30]]
---------
New pages: 
[[0, 2], [1, 4], [2, 6], [3, 8], [4, 10], [5, 12], [7, 16], [8, 19], [9, 21], [10, 23], [6, 28], [12, 30], [11, 31]]
---------
New pages: 
[[0, 2], [1, 4], [2, 6], [3, 8], [4, 10], [5, 12], [7, 16], [8, 19], [9, 21], [10, 23], [6, 28], [12, 30], [11, 31]]
---------
New pages: 
[[0, 2], [1, 4], [2, 6], [3, 8], [4, 10], [5, 12], [7, 16], [8, 19], [9, 21], [10, 23], [6, 28], [12, 30], [11, 32]]
---------
New pages: 
[[0, 2], [1, 4], [2, 6], [3, 8], [4, 10], [5, 12], [7, 16], [8, 19], [9, 21], [10, 23], [6, 28], [12, 30], [11, 33]]
---------
New pages: 
[[0, 2], [1, 4], [2, 6], [3, 8], [4, 10], [5, 12], [7, 16], [8, 19], [9, 21], [10, 23], [6, 28], [12, 30], [11, 33], [13, 35]]
---------
New pages: 
[[0, 2], [1, 4], [2, 6], [3, 8], [4, 10], [5, 12], [7, 16], [8, 19], [9, 21], [10, 23], [6, 28], [12, 30], [11, 33], [13, 35], [14, 37]]
---------
New pages: 
[[0, 2], [1, 4], [2, 6], [3, 8], [4, 10], [5, 12], [7, 16], [8, 19], [9, 21], [10, 23], [6, 28], [12, 30], [11, 33], [13, 35], [14, 37], [15, 39]]
---------
New pages: 
[[0, 2], [1, 4], [2, 6], [3, 8], [4, 10], [5, 12], [7, 16], [8, 19], [9, 21], [10, 23], [6, 28], [12, 30], [11, 33], [13, 35], [14, 37], [15, 39], [16, 41]]
---------
New pages: 
[[0, 2], [1, 4], [2, 6], [3, 8], [4, 10], [5, 12], [7, 16], [8, 19], [9, 21], [10, 23], [6, 28], [12, 30], [11, 33], [13, 35], [14, 37], [15, 39], [16, 41], [17, 43]]
---------
New pages: 
[[0, 2], [1, 4], [2, 6], [3, 8], [4, 10], [5, 12], [7, 16], [8, 19], [9, 21], [10, 23], [6, 28], [12, 30], [11, 33], [13, 35], [14, 37], [15, 39], [16, 41], [17, 43], [18, 45]]
---------
New pages: 
[[0, 2], [1, 4], [2, 6], [3, 8], [4, 10], [5, 12], [7, 16], [8, 19], [9, 21], [10, 23], [6, 28], [12, 30], [11, 33], [13, 35], [14, 37], [15, 39], [16, 41], [17, 43], [18, 45], [19, 47]]
---------
New pages: 
[[0, 2], [1, 4], [2, 6], [3, 8], [4, 10], [5, 12], [7, 16], [8, 19], [9, 21], [10, 23], [6, 28], [12, 30], [11, 33], [13, 35], [14, 37], [15, 39], [16, 41], [17, 43], [18, 45], [19, 47], [20, 49]]
---------
New pages: 
[[0, 2], [1, 4], [2, 6], [3, 8], [4, 10], [5, 12], [7, 16], [8, 19], [9, 21], [10, 23], [6, 28], [12, 30], [11, 33], [13, 35], [14, 37], [15, 39], [16, 41], [17, 43], [18, 45], [19, 47], [20, 49], [21, 51]]
---------
New pages: 
[[0, 2], [1, 4], [2, 6], [3, 8], [4, 10], [5, 12], [7, 16], [8, 19], [9, 21], [10, 23], [6, 28], [12, 30], [11, 33], [13, 35], [14, 37], [15, 39], [16, 41], [17, 43], [18, 45], [19, 47], [20, 49], [21, 51], [22, 53]]
---------
New pages: 
[[0, 2], [1, 4], [2, 6], [3, 8], [4, 10], [5, 12], [7, 16], [8, 19], [9, 21], [10, 23], [6, 28], [12, 30], [11, 33], [13, 35], [14, 37], [15, 39], [16, 41], [17, 43], [18, 45], [19, 47], [20, 49], [21, 51], [22, 53], [23, 55]]
---------
New pages: 
[[0, 2], [1, 4], [2, 6], [3, 8], [4, 10], [5, 12], [7, 16], [8, 19], [9, 21], [10, 23], [6, 28], [12, 30], [11, 33], [13, 35], [14, 37], [15, 39], [16, 41], [17, 43], [18, 45], [19, 47], [20, 49], [21, 51], [22, 53], [23, 55], [24, 57]]
---------
New pages: 
[[0, 2], [1, 4], [2, 6], [3, 8], [4, 10], [5, 12], [7, 16], [8, 19], [9, 21], [10, 23], [12, 30], [11, 33], [13, 35], [14, 37], [15, 39], [16, 41], [17, 43], [18, 45], [19, 47], [20, 49], [21, 51], [22, 53], [23, 55], [24, 57], [6, 58]]
---------
New pages: 
[[0, 2], [1, 4], [2, 6], [3, 8], [4, 10], [5, 12], [7, 16], [8, 19], [9, 21], [10, 23], [12, 30], [11, 33], [13, 35], [14, 37], [15, 39], [16, 41], [17, 43], [18, 45], [19, 47], [20, 49], [21, 51], [22, 53], [23, 55], [24, 57], [6, 58]]
---------
New pages: 
[[0, 2], [1, 4], [2, 6], [3, 8], [4, 10], [5, 12], [7, 16], [8, 19], [9, 21], [10, 23], [12, 30], [11, 33], [13, 35], [14, 37], [15, 39], [16, 41], [17, 43], [18, 45], [19, 47], [20, 49], [21, 51], [22, 53], [23, 55], [24, 57], [6, 58], [25, 60]]
---------
New pages: 
[[0, 2], [1, 4], [2, 6], [3, 8], [4, 10], [5, 12], [7, 16], [8, 19], [9, 21], [10, 23], [12, 30], [11, 33], [13, 35], [14, 37], [15, 39], [16, 41], [17, 43], [18, 45], [19, 47], [20, 49], [22, 53], [23, 55], [24, 57], [6, 58], [25, 60], [21, 61]]
---------
New pages: 
[[0, 2], [1, 4], [2, 6], [3, 8], [4, 10], [5, 12], [7, 16], [8, 19], [9, 21], [10, 23], [12, 30], [11, 33], [13, 35], [14, 37], [15, 39], [16, 41], [17, 43], [18, 45], [19, 47], [20, 49], [22, 53], [23, 55], [24, 57], [6, 58], [25, 60], [21, 61]]
---------
New pages: 
[[0, 2], [1, 4], [2, 6], [3, 8], [4, 10], [5, 12], [7, 16], [8, 19], [9, 21], [10, 23], [12, 30], [11, 33], [13, 35], [14, 37], [15, 39], [16, 41], [17, 43], [18, 45], [19, 47], [20, 49], [22, 53], [23, 55], [24, 57], [6, 58], [25, 60], [21, 62]]
---------
New pages: 
[[0, 2], [1, 4], [2, 6], [3, 8], [4, 10], [5, 12], [7, 16], [8, 19], [9, 21], [10, 23], [12, 30], [11, 33], [13, 35], [14, 37], [15, 39], [16, 41], [17, 43], [18, 45], [19, 47], [20, 49], [22, 53], [23, 55], [24, 57], [6, 58], [25, 60], [21, 62], [26, 64]]
---------
New pages: 
[[0, 2], [1, 4], [2, 6], [3, 8], [4, 10], [5, 12], [7, 16], [8, 19], [9, 21], [10, 23], [12, 30], [11, 33], [13, 35], [14, 37], [15, 39], [16, 41], [17, 43], [18, 45], [19, 47], [20, 49], [22, 53], [23, 55], [24, 57], [6, 58], [25, 60], [21, 62], [26, 64], [27, 66]]
---------
New pages: 
[[0, 2], [1, 4], [2, 6], [3, 8], [4, 10], [5, 12], [7, 16], [8, 19], [9, 21], [10, 23], [12, 30], [11, 33], [13, 35], [14, 37], [15, 39], [16, 41], [17, 43], [18, 45], [19, 47], [20, 49], [22, 53], [23, 55], [24, 57], [6, 58], [25, 60], [21, 62], [26, 64], [27, 66], [28, 68]]
---------
New pages: 
[[0, 2], [1, 4], [2, 6], [3, 8], [4, 10], [5, 12], [7, 16], [8, 19], [9, 21], [10, 23], [12, 30], [11, 33], [13, 35], [14, 37], [15, 39], [16, 41], [17, 43], [18, 45], [19, 47], [20, 49], [22, 53], [23, 55], [24, 57], [6, 58], [25, 60], [21, 62], [26, 64], [27, 66], [28, 69]]
---------
New pages: 
[[0, 2], [1, 4], [2, 6], [3, 8], [4, 10], [5, 12], [7, 16], [8, 19], [9, 21], [10, 23], [12, 30], [11, 33], [13, 35], [14, 37], [15, 39], [16, 41], [17, 43], [18, 45], [19, 47], [20, 49], [22, 53], [23, 55], [24, 57], [6, 58], [25, 60], [21, 62], [26, 64], [27, 66], [28, 69], [29, 71]]
---------
New pages: 
[[0, 2], [1, 4], [2, 6], [3, 8], [4, 10], [5, 12], [7, 16], [8, 19], [9, 21], [10, 23], [12, 30], [11, 33], [13, 35], [14, 37], [15, 39], [16, 41], [17, 43], [18, 45], [19, 47], [20, 49], [22, 53], [23, 55], [24, 57], [6, 58], [25, 60], [21, 62], [26, 64], [27, 66], [28, 69], [29, 71], [30, 73]]
---------
New pages: 
[[0, 2], [1, 4], [2, 6], [3, 8], [4, 10], [5, 12], [7, 16], [8, 19], [9, 21], [10, 23], [12, 30], [11, 33], [13, 35], [14, 37], [15, 39], [16, 41], [17, 43], [18, 45], [19, 47], [20, 49], [22, 53], [23, 55], [24, 57], [25, 60], [21, 62], [26, 64], [27, 66], [28, 69], [29, 71], [30, 73], [6, 74]]
---------
New pages: 
[[0, 2], [1, 4], [2, 6], [3, 8], [4, 10], [5, 12], [7, 16], [8, 19], [9, 21], [10, 23], [12, 30], [11, 33], [13, 35], [14, 37], [15, 39], [16, 41], [17, 43], [18, 45], [19, 47], [20, 49], [22, 53], [23, 55], [24, 57], [25, 60], [21, 62], [26, 64], [27, 66], [28, 69], [29, 71], [30, 73], [6, 74]]
---------
New pages: 
[[0, 2], [1, 4], [2, 6], [3, 8], [4, 10], [5, 12], [7, 16], [8, 19], [9, 21], [10, 23], [12, 30], [11, 33], [13, 35], [14, 37], [15, 39], [16, 41], [17, 43], [18, 45], [19, 47], [20, 49], [22, 53], [23, 55], [24, 57], [25, 60], [21, 62], [26, 64], [27, 66], [28, 69], [29, 71], [30, 73], [6, 74], [31, 76]]
---------
('Smaller frame: ', [0, 2])
