New pages: 
[[0, 2]]
---------
New pages: 
[[0, 2], [1, 4]]
---------
New pages: 
[[0, 2], [1, 4], [2, 6]]
---------
New pages: 
[[0, 2], [1, 4], [2, 6], [3, 8]]
---------
New pages: 
[[0, 2], [1, 4], [2, 6], [3, 8], [4, 10]]
---------
New pages: 
[[0, 2], [1, 4], [2, 6], [3, 8], [4, 10], [5, 12]]
---------
New pages: 
[[0, 2], [1, 4], [2, 6], [3, 8], [4, 10], [5, 12], [6, 14]]
---------
New pages: 
[[0, 2], [1, 4], [2, 6], [3, 8], [4, 10], [5, 12], [6, 14], [7, 16]]
---------
('Smaller frame: ', [0, 2])
