New pages: 
[[0, 2]]
---------
New pages: 
[[0, 2], [1, 4]]
---------
New pages: 
[[0, 2], [1, 4], [2, 6]]
---------
New pages: 
[[0, 2], [1, 4], [2, 6], [3, 8]]
---------
New pages: 
[[0, 2], [1, 4], [2, 6], [3, 8], [4, 10]]
---------
New pages: 
[[0, 2], [1, 4], [2, 6], [3, 8], [4, 10], [5, 12]]
---------
New pages: 
[[0, 2], [1, 4], [2, 6], [3, 8], [4, 10], [5, 12], [6, 14]]
---------
New pages: 
[[0, 2], [1, 4], [2, 6], [3, 8], [4, 10], [5, 12], [6, 14], [7, 16]]
---------
New pages: 
[[0, 2], [1, 4], [2, 6], [3, 8], [4, 10], [5, 12], [6, 14], [7, 16], [8, 18]]
---------
New pages: 
[[0, 2], [1, 4], [2, 6], [3, 8], [4, 10], [5, 12], [6, 14], [7, 16], [8, 19]]
---------
New pages: 
[[0, 2], [1, 4], [2, 6], [3, 8], [4, 10], [5, 12], [6, 14], [7, 16], [8, 19], [9, 21]]
---------
New pages: 
[[0, 2], [1, 4], [2, 6], [3, 8], [4, 10], [5, 12], [6, 14], [7, 16], [8, 19], [9, 21], [10, 23]]
---------
New pages: 
[[0, 2], [1, 4], [2, 6], [3, 8], [4, 10], [5, 12], [6, 14], [7, 16], [8, 19], [9, 21], [10, 23], [11, 25]]
---------
New pages: 
[[0, 2], [1, 4], [2, 6], [3, 8], [4, 10], [5, 12], [6, 14], [7, 16], [8, 19], [9, 21], [10, 23], [11, 26]]
---------
New pages: 
[[0, 2], [1, 4], [2, 6], [3, 8], [4, 10], [5, 12], [6, 14], [7, 16], [8, 19], [9, 21], [10, 23], [11, 27]]
---------
New pages: 
[[0, 2], [1, 4], [2, 6], [3, 8], [4, 10], [5, 12], [7, 16], [8, 19], [9, 21], [10, 23], [11, 27], [6, 28]]
---------
New pages: 
[[0, 2], [1, 4], [2, 6], [3, 8], [4, 10], [5, 12], [7, 16], [8, 19], [9, 21], [10, 23], [11, 27], [6, 28]]
---------
New pages: 
[[0, 2], [1, 4], [2, 6], [3, 8], [4, 10], [5, 12], [7, 16], [8, 19], [9, 21], [10, 23], [11, 27], [6, 28], [12, 30]]
---------
New pages: 
[[0, 2], [1, 4], [2, 6], [3, 8], [4, 10], [5, 12], [7, 16], [8, 19], [9, 21], [10, 23], [6, 28], [12, 30], [11, 31]]
---------
New pages: 
[[0, 2], [1, 4], [2, 6], [3, 8], [4, 10], [5, 12], [7, 16], [8, 19], [9, 21], [10, 23], [6, 28], [12, 30], [11, 31]]
---------
New pages: 
[[0, 2], [1, 4], [2, 6], [3, 8], [4, 10], [5, 12], [7, 16], [8, 19], [9, 21], [10, 23], [6, 28], [12, 30], [11, 32]]
---------
New pages: 
[[0, 2], [1, 4], [2, 6], [3, 8], [4, 10], [5, 12], [7, 16], [8, 19], [9, 21], [10, 23], [6, 28], [12, 30], [11, 33]]
---------
New pages: 
[[0, 2], [1, 4], [2, 6], [3, 8], [4, 10], [5, 12], [7, 16], [8, 19], [9, 21], [10, 23], [6, 28], [12, 30], [11, 33], [13, 35]]
---------
New pages: 
[[0, 2], [1, 4], [2, 6], [3, 8], [4, 10], [5, 12], [7, 16], [8, 19], [9, 21], [10, 23], [6, 28], [12, 30], [11, 33], [13, 35], [14, 37]]
---------
New pages: 
[[0, 2], [1, 4], [2, 6], [3, 8], [4, 10], [5, 12], [7, 16], [8, 19], [9, 21], [10, 23], [6, 28], [12, 30], [11, 33], [13, 35], [14, 37], [15, 39]]
---------
('Smaller frame: ', [0, 2])
